<?xml version="1.0" encoding="UTF-8"?>
<!-- Generated by org.testng.reporters.JUnitReportReporter -->
<testsuite hostname="LAPTOP-IC93JORH" failures="0" tests="1" name="com.CRM.TestCase.LoginPageTest" time="3.078" errors="0" timestamp="2024-05-23T19:10:13 IST" skipped="0">
  <testcase classname="com.CRM.TestCase.LoginPageTest" name="login" time="3.078"/>
  <system-out/>
</testsuite> <!-- com.CRM.TestCase.LoginPageTest -->
