<?xml version="1.0" encoding="UTF-8"?>
<!-- Generated by org.testng.reporters.JUnitReportReporter -->
<testsuite hostname="LAPTOP-IC93JORH" failures="0" tests="3" name="com.CRM.TestCase.HomePageTest" time="0.360" errors="0" timestamp="2024-05-25T21:46:42 IST" skipped="0">
  <testcase classname="com.CRM.TestCase.HomePageTest" name="validateAppUrl" time="0.023"/>
  <system-out/>
  <testcase classname="com.CRM.TestCase.HomePageTest" name="validateAppTitle" time="0.013"/>
  <system-out/>
  <testcase classname="com.CRM.TestCase.HomePageTest" name="validateAppSignIn" time="0.324"/>
  <system-out/>
</testsuite> <!-- com.CRM.TestCase.HomePageTest -->
