<?xml version="1.0" encoding="UTF-8"?>
<!-- Generated by org.testng.reporters.JUnitReportReporter -->
<testsuite hostname="LAPTOP-IC93JORH" failures="0" tests="1" name="com.CRM.TestCase.LoginPageTest" time="2.878" errors="0" timestamp="2024-05-25T21:46:42 IST" skipped="0">
  <testcase classname="com.CRM.TestCase.LoginPageTest" name="login" time="2.878"/>
  <system-out/>
</testsuite> <!-- com.CRM.TestCase.LoginPageTest -->
