<?xml version="1.0" encoding="UTF-8"?>
<!-- Generated by org.testng.reporters.JUnitReportReporter -->
<testsuite hostname="LAPTOP-IC93JORH" failures="0" tests="3" name="com.CRM.TestCase.HomePageTest" time="0.132" errors="0" timestamp="2024-05-23T19:10:13 IST" skipped="0">
  <testcase classname="com.CRM.TestCase.HomePageTest" name="validateAppUrl" time="0.015"/>
  <system-out/>
  <testcase classname="com.CRM.TestCase.HomePageTest" name="validateAppTitle" time="0.010"/>
  <system-out/>
  <testcase classname="com.CRM.TestCase.HomePageTest" name="validateAppSignIn" time="0.107"/>
  <system-out/>
</testsuite> <!-- com.CRM.TestCase.HomePageTest -->
