<?xml version="1.0" encoding="UTF-8"?>
<!-- Generated by org.testng.reporters.JUnitReportReporter -->
<testsuite hostname="LAPTOP-IC93JORH" failures="0" tests="3" name="com.CRM.TestCase.HomePageTest" time="0.225" errors="0" timestamp="2024-05-25T19:36:53 IST" skipped="0">
  <testcase classname="com.CRM.TestCase.HomePageTest" name="validateAppUrl" time="0.017"/>
  <system-out/>
  <testcase classname="com.CRM.TestCase.HomePageTest" name="validateAppTitle" time="0.024"/>
  <system-out/>
  <testcase classname="com.CRM.TestCase.HomePageTest" name="validateAppSignIn" time="0.184"/>
  <system-out/>
</testsuite> <!-- com.CRM.TestCase.HomePageTest -->
